SF:lib/src/core/errors/api_error.dart
DA:3,4
LF:1
LH:1
end_of_record
SF:lib/src/core/utils/result.dart
DA:2,3
DA:4,4
DA:5,4
DA:7,1
DA:8,1
DA:9,1
DA:12,1
DA:13,1
DA:14,1
DA:17,2
DA:22,6
DA:23,6
DA:26,1
DA:27,4
DA:28,3
DA:31,1
DA:32,3
DA:33,4
DA:40,3
DA:42,0
DA:45,0
DA:46,0
DA:47,0
DA:49,0
DA:50,0
DA:52,0
DA:53,0
DA:59,3
DA:61,0
DA:64,0
DA:65,0
DA:66,0
DA:68,0
DA:69,0
DA:71,0
DA:72,0
LF:36
LH:20
end_of_record
SF:lib/src/features/home/data/datasources/home_datasource.dart
DA:12,2
DA:15,2
DA:17,6
DA:18,2
DA:19,6
LF:5
LH:5
end_of_record
SF:lib/src/features/home/data/models/category_model.dart
DA:4,3
DA:6,3
DA:7,3
DA:8,3
DA:9,3
LF:5
LH:5
end_of_record
SF:lib/src/features/home/domain/entities/category_entity.dart
DA:5,5
LF:1
LH:1
end_of_record
SF:lib/src/features/home/data/models/item_model.dart
DA:4,3
DA:6,3
DA:7,6
LF:3
LH:3
end_of_record
SF:lib/src/features/home/domain/entities/item_entity.dart
DA:4,5
LF:1
LH:1
end_of_record
SF:lib/src/features/home/data/models/motel_model.dart
DA:6,1
DA:17,1
DA:18,1
DA:19,1
DA:20,1
DA:21,1
DA:22,1
DA:23,1
DA:24,1
DA:25,3
DA:26,1
DA:27,1
DA:28,1
LF:13
LH:13
end_of_record
SF:lib/src/features/home/data/models/suite_model.dart
DA:6,2
DA:15,2
DA:16,2
DA:17,2
DA:18,2
DA:19,2
DA:20,4
DA:21,2
DA:22,4
DA:23,4
DA:26,2
DA:27,4
DA:28,4
DA:31,2
DA:32,4
DA:33,4
LF:16
LH:16
end_of_record
SF:lib/src/features/home/data/models/periods_model.dart
DA:4,3
DA:13,3
DA:14,3
DA:15,3
DA:16,3
DA:17,3
DA:18,3
DA:19,3
DA:20,6
LF:9
LH:9
end_of_record
SF:lib/src/features/home/domain/entities/motel_entity.dart
DA:13,3
LF:1
LH:1
end_of_record
SF:lib/src/features/home/domain/entities/periods_entity.dart
DA:9,6
LF:1
LH:1
end_of_record
SF:lib/src/features/home/domain/entities/suite_entity.dart
DA:12,4
LF:1
LH:1
end_of_record
SF:lib/src/features/home/data/repositories/home_repository_impl.dart
DA:13,0
DA:16,0
DA:19,0
DA:20,0
DA:21,0
DA:23,0
DA:25,0
LF:7
LH:0
end_of_record
SF:lib/src/features/home/domain/entities/discount_suite_dto.dart
DA:8,2
LF:1
LH:1
end_of_record
SF:lib/src/features/home/domain/usecases/get_motel_list_usecase.dart
DA:12,1
DA:15,1
DA:17,2
LF:3
LH:3
end_of_record
SF:lib/src/features/home/presentation/controllers/home_controller_states.dart
DA:10,2
DA:16,2
LF:2
LH:2
end_of_record
SF:lib/src/features/home/presentation/controllers/home_controller.dart
DA:7,1
DA:9,2
DA:11,1
DA:12,2
DA:13,2
DA:14,1
DA:15,1
DA:16,1
DA:17,1
DA:19,1
DA:23,3
DA:27,1
DA:28,1
DA:29,2
DA:30,2
DA:31,2
DA:32,2
DA:33,1
DA:34,1
DA:35,1
DA:36,1
DA:37,2
DA:38,1
DA:39,1
LF:24
LH:24
end_of_record
